CRITICAL - 2022-10-09 01:58:41 --> The "email" field cannot be used to validate credentials.
in VENDORPATH\myth\auth\src\Exceptions\AuthException.php on line 34.
 1 VENDORPATH\myth\auth\src\Authentication\LocalAuthenticator.php(136): Myth\Auth\Exceptions\AuthException::forInvalidFields('email')
 2 VENDORPATH\myth\auth\src\Authentication\LocalAuthenticator.php(19): Myth\Auth\Authentication\LocalAuthenticator->validate([...], true)
 3 VENDORPATH\myth\auth\src\Controllers\AuthController.php(87): Myth\Auth\Authentication\LocalAuthenticator->attempt([...], false)
 4 SYSTEMPATH\CodeIgniter.php(907): Myth\Auth\Controllers\AuthController->attemptLogin()
 5 SYSTEMPATH\CodeIgniter.php(457): CodeIgniter\CodeIgniter->runController(Object(Myth\Auth\Controllers\AuthController))
 6 SYSTEMPATH\CodeIgniter.php(340): CodeIgniter\CodeIgniter->handleRequest(null, Object(Config\Cache), false)
 7 FCPATH\index.php(67): CodeIgniter\CodeIgniter->run()
 8 SYSTEMPATH\Commands\Server\rewrite.php(43): require_once('FCPATH\\index.php')
CRITICAL - 2022-10-09 03:12:13 --> Undefined offset: 1
in VENDORPATH\myth\auth\src\Authentication\Passwords\NothingPersonalValidator.php on line 77.
 1 VENDORPATH\myth\auth\src\Authentication\Passwords\NothingPersonalValidator.php(77): CodeIgniter\Debug\Exceptions->errorHandler(8, 'Undefined offset: 1', 'VENDORPATH\\myth\\auth\\src\\Authentication\\Passwords\\NothingPersonalValidator.php', 77, [...])
 2 VENDORPATH\myth\auth\src\Authentication\Passwords\NothingPersonalValidator.php(26): Myth\Auth\Authentication\Passwords\NothingPersonalValidator->isNotPersonal('fauzi123', Object(Myth\Auth\Entities\User))
 3 VENDORPATH\myth\auth\src\Authentication\Passwords\PasswordValidator.php(46): Myth\Auth\Authentication\Passwords\NothingPersonalValidator->check('fauzi123', Object(Myth\Auth\Entities\User))
 4 VENDORPATH\myth\auth\src\Authentication\Passwords\ValidationRules.php(42): Myth\Auth\Authentication\Passwords\PasswordValidator->check('fauzi123', Object(Myth\Auth\Entities\User))
 5 SYSTEMPATH\Validation\Validation.php(314): Myth\Auth\Authentication\Passwords\ValidationRules->strong_password('fauzi123', null)
 6 SYSTEMPATH\Validation\Validation.php(175): CodeIgniter\Validation\Validation->processRules('password', 'password', 'fauzi123', [...], [...])
 7 SYSTEMPATH\Controller.php(140): CodeIgniter\Validation\Validation->run()
 8 VENDORPATH\myth\auth\src\Controllers\AuthController.php(164): CodeIgniter\Controller->validate([...])
 9 SYSTEMPATH\CodeIgniter.php(907): Myth\Auth\Controllers\AuthController->attemptRegister()
10 SYSTEMPATH\CodeIgniter.php(457): CodeIgniter\CodeIgniter->runController(Object(Myth\Auth\Controllers\AuthController))
11 SYSTEMPATH\CodeIgniter.php(340): CodeIgniter\CodeIgniter->handleRequest(null, Object(Config\Cache), false)
12 FCPATH\index.php(67): CodeIgniter\CodeIgniter->run()
13 SYSTEMPATH\Commands\Server\rewrite.php(43): require_once('FCPATH\\index.php')
CRITICAL - 2022-10-09 03:22:00 --> Undefined offset: 1
in VENDORPATH\myth\auth\src\Authentication\Passwords\NothingPersonalValidator.php on line 77.
 1 VENDORPATH\myth\auth\src\Authentication\Passwords\NothingPersonalValidator.php(77): CodeIgniter\Debug\Exceptions->errorHandler(8, 'Undefined offset: 1', 'VENDORPATH\\myth\\auth\\src\\Authentication\\Passwords\\NothingPersonalValidator.php', 77, [...])
 2 VENDORPATH\myth\auth\src\Authentication\Passwords\NothingPersonalValidator.php(26): Myth\Auth\Authentication\Passwords\NothingPersonalValidator->isNotPersonal('fauzi123', Object(Myth\Auth\Entities\User))
 3 VENDORPATH\myth\auth\src\Authentication\Passwords\PasswordValidator.php(46): Myth\Auth\Authentication\Passwords\NothingPersonalValidator->check('fauzi123', Object(Myth\Auth\Entities\User))
 4 VENDORPATH\myth\auth\src\Authentication\Passwords\ValidationRules.php(42): Myth\Auth\Authentication\Passwords\PasswordValidator->check('fauzi123', Object(Myth\Auth\Entities\User))
 5 SYSTEMPATH\Validation\Validation.php(314): Myth\Auth\Authentication\Passwords\ValidationRules->strong_password('fauzi123', null)
 6 SYSTEMPATH\Validation\Validation.php(175): CodeIgniter\Validation\Validation->processRules('password', 'password', 'fauzi123', [...], [...])
 7 SYSTEMPATH\Controller.php(140): CodeIgniter\Validation\Validation->run()
 8 VENDORPATH\myth\auth\src\Controllers\AuthController.php(164): CodeIgniter\Controller->validate([...])
 9 SYSTEMPATH\CodeIgniter.php(907): Myth\Auth\Controllers\AuthController->attemptRegister()
10 SYSTEMPATH\CodeIgniter.php(457): CodeIgniter\CodeIgniter->runController(Object(Myth\Auth\Controllers\AuthController))
11 SYSTEMPATH\CodeIgniter.php(340): CodeIgniter\CodeIgniter->handleRequest(null, Object(Config\Cache), false)
12 FCPATH\index.php(67): CodeIgniter\CodeIgniter->run()
13 SYSTEMPATH\Commands\Server\rewrite.php(43): require_once('FCPATH\\index.php')
CRITICAL - 2022-10-09 03:28:43 --> Undefined offset: 1
in VENDORPATH\myth\auth\src\Authentication\Passwords\NothingPersonalValidator.php on line 79.
 1 VENDORPATH\myth\auth\src\Authentication\Passwords\NothingPersonalValidator.php(79): CodeIgniter\Debug\Exceptions->errorHandler(8, 'Undefined offset: 1', 'VENDORPATH\\myth\\auth\\src\\Authentication\\Passwords\\NothingPersonalValidator.php', 79, [...])
 2 VENDORPATH\myth\auth\src\Authentication\Passwords\NothingPersonalValidator.php(26): Myth\Auth\Authentication\Passwords\NothingPersonalValidator->isNotPersonal('rixky~132', Object(Myth\Auth\Entities\User))
 3 VENDORPATH\myth\auth\src\Authentication\Passwords\PasswordValidator.php(46): Myth\Auth\Authentication\Passwords\NothingPersonalValidator->check('rixky~132', Object(Myth\Auth\Entities\User))
 4 VENDORPATH\myth\auth\src\Authentication\Passwords\ValidationRules.php(42): Myth\Auth\Authentication\Passwords\PasswordValidator->check('RiXkY~132', Object(Myth\Auth\Entities\User))
 5 SYSTEMPATH\Validation\Validation.php(314): Myth\Auth\Authentication\Passwords\ValidationRules->strong_password('RiXkY~132', null)
 6 SYSTEMPATH\Validation\Validation.php(175): CodeIgniter\Validation\Validation->processRules('password', 'password', 'RiXkY~132', [...], [...])
 7 SYSTEMPATH\Controller.php(140): CodeIgniter\Validation\Validation->run()
 8 VENDORPATH\myth\auth\src\Controllers\AuthController.php(164): CodeIgniter\Controller->validate([...])
 9 SYSTEMPATH\CodeIgniter.php(907): Myth\Auth\Controllers\AuthController->attemptRegister()
10 SYSTEMPATH\CodeIgniter.php(457): CodeIgniter\CodeIgniter->runController(Object(Myth\Auth\Controllers\AuthController))
11 SYSTEMPATH\CodeIgniter.php(340): CodeIgniter\CodeIgniter->handleRequest(null, Object(Config\Cache), false)
12 FCPATH\index.php(67): CodeIgniter\CodeIgniter->run()
13 SYSTEMPATH\Commands\Server\rewrite.php(43): require_once('FCPATH\\index.php')
CRITICAL - 2022-10-09 03:33:18 --> Undefined offset: 1
in VENDORPATH\myth\auth\src\Authentication\Passwords\NothingPersonalValidator.php on line 79.
 1 VENDORPATH\myth\auth\src\Authentication\Passwords\NothingPersonalValidator.php(79): CodeIgniter\Debug\Exceptions->errorHandler(8, 'Undefined offset: 1', 'VENDORPATH\\myth\\auth\\src\\Authentication\\Passwords\\NothingPersonalValidator.php', 79, [...])
 2 VENDORPATH\myth\auth\src\Authentication\Passwords\NothingPersonalValidator.php(26): Myth\Auth\Authentication\Passwords\NothingPersonalValidator->isNotPersonal('rixky~132', Object(Myth\Auth\Entities\User))
 3 VENDORPATH\myth\auth\src\Authentication\Passwords\PasswordValidator.php(46): Myth\Auth\Authentication\Passwords\NothingPersonalValidator->check('rixky~132', Object(Myth\Auth\Entities\User))
 4 VENDORPATH\myth\auth\src\Authentication\Passwords\ValidationRules.php(42): Myth\Auth\Authentication\Passwords\PasswordValidator->check('RiXkY~132', Object(Myth\Auth\Entities\User))
 5 SYSTEMPATH\Validation\Validation.php(314): Myth\Auth\Authentication\Passwords\ValidationRules->strong_password('RiXkY~132', null)
 6 SYSTEMPATH\Validation\Validation.php(175): CodeIgniter\Validation\Validation->processRules('password', 'password', 'RiXkY~132', [...], [...])
 7 SYSTEMPATH\Controller.php(140): CodeIgniter\Validation\Validation->run()
 8 VENDORPATH\myth\auth\src\Controllers\AuthController.php(164): CodeIgniter\Controller->validate([...])
 9 SYSTEMPATH\CodeIgniter.php(907): Myth\Auth\Controllers\AuthController->attemptRegister()
10 SYSTEMPATH\CodeIgniter.php(457): CodeIgniter\CodeIgniter->runController(Object(Myth\Auth\Controllers\AuthController))
11 SYSTEMPATH\CodeIgniter.php(340): CodeIgniter\CodeIgniter->handleRequest(null, Object(Config\Cache), false)
12 FCPATH\index.php(67): CodeIgniter\CodeIgniter->run()
13 SYSTEMPATH\Commands\Server\rewrite.php(43): require_once('FCPATH\\index.php')
CRITICAL - 2022-10-09 03:36:01 --> Undefined offset: 1
in VENDORPATH\myth\auth\src\Authentication\Passwords\NothingPersonalValidator.php on line 79.
 1 VENDORPATH\myth\auth\src\Authentication\Passwords\NothingPersonalValidator.php(79): CodeIgniter\Debug\Exceptions->errorHandler(8, 'Undefined offset: 1', 'VENDORPATH\\myth\\auth\\src\\Authentication\\Passwords\\NothingPersonalValidator.php', 79, [...])
 2 VENDORPATH\myth\auth\src\Authentication\Passwords\NothingPersonalValidator.php(26): Myth\Auth\Authentication\Passwords\NothingPersonalValidator->isNotPersonal('qwerty123', Object(Myth\Auth\Entities\User))
 3 VENDORPATH\myth\auth\src\Authentication\Passwords\PasswordValidator.php(46): Myth\Auth\Authentication\Passwords\NothingPersonalValidator->check('qwerty123', Object(Myth\Auth\Entities\User))
 4 VENDORPATH\myth\auth\src\Authentication\Passwords\ValidationRules.php(42): Myth\Auth\Authentication\Passwords\PasswordValidator->check('qwerty123', Object(Myth\Auth\Entities\User))
 5 SYSTEMPATH\Validation\Validation.php(314): Myth\Auth\Authentication\Passwords\ValidationRules->strong_password('qwerty123', null)
 6 SYSTEMPATH\Validation\Validation.php(175): CodeIgniter\Validation\Validation->processRules('password', 'password', 'qwerty123', [...], [...])
 7 SYSTEMPATH\Controller.php(140): CodeIgniter\Validation\Validation->run()
 8 VENDORPATH\myth\auth\src\Controllers\AuthController.php(164): CodeIgniter\Controller->validate([...])
 9 SYSTEMPATH\CodeIgniter.php(907): Myth\Auth\Controllers\AuthController->attemptRegister()
10 SYSTEMPATH\CodeIgniter.php(457): CodeIgniter\CodeIgniter->runController(Object(Myth\Auth\Controllers\AuthController))
11 SYSTEMPATH\CodeIgniter.php(340): CodeIgniter\CodeIgniter->handleRequest(null, Object(Config\Cache), false)
12 FCPATH\index.php(67): CodeIgniter\CodeIgniter->run()
13 SYSTEMPATH\Commands\Server\rewrite.php(43): require_once('FCPATH\\index.php')
CRITICAL - 2022-10-09 03:37:52 --> Undefined variable: config
in APPPATH\Views\register\index.php on line 1.
 1 APPPATH\Views\register\index.php(1): CodeIgniter\Debug\Exceptions->errorHandler(8, 'Undefined variable: config', 'APPPATH\\Views\\register\\index.php', 1, [...])
 2 SYSTEMPATH\View\View.php(213): include('APPPATH\\Views\\register\\index.php')
 3 SYSTEMPATH\View\View.php(216): CodeIgniter\View\View->CodeIgniter\View\{closure}()
 4 SYSTEMPATH\Common.php(1142): CodeIgniter\View\View->render('register/index', [], true)
 5 APPPATH\Controllers\Register.php(12): view('register/index', [...])
 6 SYSTEMPATH\CodeIgniter.php(907): App\Controllers\Register->index()
 7 SYSTEMPATH\CodeIgniter.php(457): CodeIgniter\CodeIgniter->runController(Object(App\Controllers\Register))
 8 SYSTEMPATH\CodeIgniter.php(340): CodeIgniter\CodeIgniter->handleRequest(null, Object(Config\Cache), false)
 9 FCPATH\index.php(67): CodeIgniter\CodeIgniter->run()
10 SYSTEMPATH\Commands\Server\rewrite.php(43): require_once('FCPATH\\index.php')
CRITICAL - 2022-10-09 03:37:54 --> Undefined variable: config
in APPPATH\Views\register\index.php on line 1.
 1 APPPATH\Views\register\index.php(1): CodeIgniter\Debug\Exceptions->errorHandler(8, 'Undefined variable: config', 'APPPATH\\Views\\register\\index.php', 1, [...])
 2 SYSTEMPATH\View\View.php(213): include('APPPATH\\Views\\register\\index.php')
 3 SYSTEMPATH\View\View.php(216): CodeIgniter\View\View->CodeIgniter\View\{closure}()
 4 SYSTEMPATH\Common.php(1142): CodeIgniter\View\View->render('register/index', [], true)
 5 APPPATH\Controllers\Register.php(12): view('register/index', [...])
 6 SYSTEMPATH\CodeIgniter.php(907): App\Controllers\Register->index()
 7 SYSTEMPATH\CodeIgniter.php(457): CodeIgniter\CodeIgniter->runController(Object(App\Controllers\Register))
 8 SYSTEMPATH\CodeIgniter.php(340): CodeIgniter\CodeIgniter->handleRequest(null, Object(Config\Cache), false)
 9 FCPATH\index.php(67): CodeIgniter\CodeIgniter->run()
10 SYSTEMPATH\Commands\Server\rewrite.php(43): require_once('FCPATH\\index.php')
CRITICAL - 2022-10-09 03:37:56 --> Undefined variable: config
in APPPATH\Views\register\index.php on line 1.
 1 APPPATH\Views\register\index.php(1): CodeIgniter\Debug\Exceptions->errorHandler(8, 'Undefined variable: config', 'APPPATH\\Views\\register\\index.php', 1, [...])
 2 SYSTEMPATH\View\View.php(213): include('APPPATH\\Views\\register\\index.php')
 3 SYSTEMPATH\View\View.php(216): CodeIgniter\View\View->CodeIgniter\View\{closure}()
 4 SYSTEMPATH\Common.php(1142): CodeIgniter\View\View->render('register/index', [], true)
 5 APPPATH\Controllers\Register.php(12): view('register/index', [...])
 6 SYSTEMPATH\CodeIgniter.php(907): App\Controllers\Register->index()
 7 SYSTEMPATH\CodeIgniter.php(457): CodeIgniter\CodeIgniter->runController(Object(App\Controllers\Register))
 8 SYSTEMPATH\CodeIgniter.php(340): CodeIgniter\CodeIgniter->handleRequest(null, Object(Config\Cache), false)
 9 FCPATH\index.php(67): CodeIgniter\CodeIgniter->run()
10 SYSTEMPATH\Commands\Server\rewrite.php(43): require_once('FCPATH\\index.php')
CRITICAL - 2022-10-09 03:38:00 --> Undefined variable: config
in APPPATH\Views\register\index.php on line 1.
 1 APPPATH\Views\register\index.php(1): CodeIgniter\Debug\Exceptions->errorHandler(8, 'Undefined variable: config', 'APPPATH\\Views\\register\\index.php', 1, [...])
 2 SYSTEMPATH\View\View.php(213): include('APPPATH\\Views\\register\\index.php')
 3 SYSTEMPATH\View\View.php(216): CodeIgniter\View\View->CodeIgniter\View\{closure}()
 4 SYSTEMPATH\Common.php(1142): CodeIgniter\View\View->render('register/index', [], true)
 5 APPPATH\Controllers\Register.php(12): view('register/index', [...])
 6 SYSTEMPATH\CodeIgniter.php(907): App\Controllers\Register->index()
 7 SYSTEMPATH\CodeIgniter.php(457): CodeIgniter\CodeIgniter->runController(Object(App\Controllers\Register))
 8 SYSTEMPATH\CodeIgniter.php(340): CodeIgniter\CodeIgniter->handleRequest(null, Object(Config\Cache), false)
 9 FCPATH\index.php(67): CodeIgniter\CodeIgniter->run()
10 SYSTEMPATH\Commands\Server\rewrite.php(43): require_once('FCPATH\\index.php')
CRITICAL - 2022-10-09 04:01:25 --> Undefined offset: 1
in VENDORPATH\myth\auth\src\Authentication\Passwords\NothingPersonalValidator.php on line 79.
 1 VENDORPATH\myth\auth\src\Authentication\Passwords\NothingPersonalValidator.php(79): CodeIgniter\Debug\Exceptions->errorHandler(8, 'Undefined offset: 1', 'VENDORPATH\\myth\\auth\\src\\Authentication\\Passwords\\NothingPersonalValidator.php', 79, [...])
 2 VENDORPATH\myth\auth\src\Authentication\Passwords\NothingPersonalValidator.php(26): Myth\Auth\Authentication\Passwords\NothingPersonalValidator->isNotPersonal('12345678', Object(Myth\Auth\Entities\User))
 3 VENDORPATH\myth\auth\src\Authentication\Passwords\PasswordValidator.php(46): Myth\Auth\Authentication\Passwords\NothingPersonalValidator->check('12345678', Object(Myth\Auth\Entities\User))
 4 VENDORPATH\myth\auth\src\Authentication\Passwords\ValidationRules.php(42): Myth\Auth\Authentication\Passwords\PasswordValidator->check('12345678', Object(Myth\Auth\Entities\User))
 5 SYSTEMPATH\Validation\Validation.php(314): Myth\Auth\Authentication\Passwords\ValidationRules->strong_password('12345678', null)
 6 SYSTEMPATH\Validation\Validation.php(175): CodeIgniter\Validation\Validation->processRules('password', 'password', '12345678', [...], [...])
 7 SYSTEMPATH\Controller.php(140): CodeIgniter\Validation\Validation->run()
 8 VENDORPATH\myth\auth\src\Controllers\AuthController.php(164): CodeIgniter\Controller->validate([...])
 9 SYSTEMPATH\CodeIgniter.php(907): Myth\Auth\Controllers\AuthController->attemptRegister()
10 SYSTEMPATH\CodeIgniter.php(457): CodeIgniter\CodeIgniter->runController(Object(Myth\Auth\Controllers\AuthController))
11 SYSTEMPATH\CodeIgniter.php(340): CodeIgniter\CodeIgniter->handleRequest(null, Object(Config\Cache), false)
12 FCPATH\index.php(67): CodeIgniter\CodeIgniter->run()
13 SYSTEMPATH\Commands\Server\rewrite.php(43): require_once('FCPATH\\index.php')
CRITICAL - 2022-10-09 04:03:22 --> Undefined offset: 1
in VENDORPATH\myth\auth\src\Authentication\Passwords\NothingPersonalValidator.php on line 79.
 1 VENDORPATH\myth\auth\src\Authentication\Passwords\NothingPersonalValidator.php(79): CodeIgniter\Debug\Exceptions->errorHandler(8, 'Undefined offset: 1', 'VENDORPATH\\myth\\auth\\src\\Authentication\\Passwords\\NothingPersonalValidator.php', 79, [...])
 2 VENDORPATH\myth\auth\src\Authentication\Passwords\NothingPersonalValidator.php(26): Myth\Auth\Authentication\Passwords\NothingPersonalValidator->isNotPersonal('12345678', Object(Myth\Auth\Entities\User))
 3 VENDORPATH\myth\auth\src\Authentication\Passwords\PasswordValidator.php(46): Myth\Auth\Authentication\Passwords\NothingPersonalValidator->check('12345678', Object(Myth\Auth\Entities\User))
 4 VENDORPATH\myth\auth\src\Authentication\Passwords\ValidationRules.php(42): Myth\Auth\Authentication\Passwords\PasswordValidator->check('12345678', Object(Myth\Auth\Entities\User))
 5 SYSTEMPATH\Validation\Validation.php(314): Myth\Auth\Authentication\Passwords\ValidationRules->strong_password('12345678', null)
 6 SYSTEMPATH\Validation\Validation.php(175): CodeIgniter\Validation\Validation->processRules('password', 'password', '12345678', [...], [...])
 7 SYSTEMPATH\Controller.php(140): CodeIgniter\Validation\Validation->run()
 8 VENDORPATH\myth\auth\src\Controllers\AuthController.php(164): CodeIgniter\Controller->validate([...])
 9 SYSTEMPATH\CodeIgniter.php(907): Myth\Auth\Controllers\AuthController->attemptRegister()
10 SYSTEMPATH\CodeIgniter.php(457): CodeIgniter\CodeIgniter->runController(Object(Myth\Auth\Controllers\AuthController))
11 SYSTEMPATH\CodeIgniter.php(340): CodeIgniter\CodeIgniter->handleRequest(null, Object(Config\Cache), false)
12 FCPATH\index.php(67): CodeIgniter\CodeIgniter->run()
13 SYSTEMPATH\Commands\Server\rewrite.php(43): require_once('FCPATH\\index.php')
CRITICAL - 2022-10-09 04:03:38 --> Undefined offset: 1
in VENDORPATH\myth\auth\src\Authentication\Passwords\NothingPersonalValidator.php on line 79.
 1 VENDORPATH\myth\auth\src\Authentication\Passwords\NothingPersonalValidator.php(79): CodeIgniter\Debug\Exceptions->errorHandler(8, 'Undefined offset: 1', 'VENDORPATH\\myth\\auth\\src\\Authentication\\Passwords\\NothingPersonalValidator.php', 79, [...])
 2 VENDORPATH\myth\auth\src\Authentication\Passwords\NothingPersonalValidator.php(26): Myth\Auth\Authentication\Passwords\NothingPersonalValidator->isNotPersonal('12345678', Object(Myth\Auth\Entities\User))
 3 VENDORPATH\myth\auth\src\Authentication\Passwords\PasswordValidator.php(46): Myth\Auth\Authentication\Passwords\NothingPersonalValidator->check('12345678', Object(Myth\Auth\Entities\User))
 4 VENDORPATH\myth\auth\src\Authentication\Passwords\ValidationRules.php(42): Myth\Auth\Authentication\Passwords\PasswordValidator->check('12345678', Object(Myth\Auth\Entities\User))
 5 SYSTEMPATH\Validation\Validation.php(314): Myth\Auth\Authentication\Passwords\ValidationRules->strong_password('12345678', null)
 6 SYSTEMPATH\Validation\Validation.php(175): CodeIgniter\Validation\Validation->processRules('password', 'password', '12345678', [...], [...])
 7 SYSTEMPATH\Controller.php(140): CodeIgniter\Validation\Validation->run()
 8 VENDORPATH\myth\auth\src\Controllers\AuthController.php(164): CodeIgniter\Controller->validate([...])
 9 SYSTEMPATH\CodeIgniter.php(907): Myth\Auth\Controllers\AuthController->attemptRegister()
10 SYSTEMPATH\CodeIgniter.php(457): CodeIgniter\CodeIgniter->runController(Object(Myth\Auth\Controllers\AuthController))
11 SYSTEMPATH\CodeIgniter.php(340): CodeIgniter\CodeIgniter->handleRequest(null, Object(Config\Cache), false)
12 FCPATH\index.php(67): CodeIgniter\CodeIgniter->run()
13 SYSTEMPATH\Commands\Server\rewrite.php(43): require_once('FCPATH\\index.php')
CRITICAL - 2022-10-09 04:04:14 --> Undefined offset: 1
in VENDORPATH\myth\auth\src\Authentication\Passwords\NothingPersonalValidator.php on line 79.
 1 VENDORPATH\myth\auth\src\Authentication\Passwords\NothingPersonalValidator.php(79): CodeIgniter\Debug\Exceptions->errorHandler(8, 'Undefined offset: 1', 'VENDORPATH\\myth\\auth\\src\\Authentication\\Passwords\\NothingPersonalValidator.php', 79, [...])
 2 VENDORPATH\myth\auth\src\Authentication\Passwords\NothingPersonalValidator.php(26): Myth\Auth\Authentication\Passwords\NothingPersonalValidator->isNotPersonal('12345678', Object(Myth\Auth\Entities\User))
 3 VENDORPATH\myth\auth\src\Authentication\Passwords\PasswordValidator.php(46): Myth\Auth\Authentication\Passwords\NothingPersonalValidator->check('12345678', Object(Myth\Auth\Entities\User))
 4 VENDORPATH\myth\auth\src\Authentication\Passwords\ValidationRules.php(42): Myth\Auth\Authentication\Passwords\PasswordValidator->check('12345678', Object(Myth\Auth\Entities\User))
 5 SYSTEMPATH\Validation\Validation.php(314): Myth\Auth\Authentication\Passwords\ValidationRules->strong_password('12345678', null)
 6 SYSTEMPATH\Validation\Validation.php(175): CodeIgniter\Validation\Validation->processRules('password', 'password', '12345678', [...], [...])
 7 SYSTEMPATH\Controller.php(140): CodeIgniter\Validation\Validation->run()
 8 VENDORPATH\myth\auth\src\Controllers\AuthController.php(164): CodeIgniter\Controller->validate([...])
 9 SYSTEMPATH\CodeIgniter.php(907): Myth\Auth\Controllers\AuthController->attemptRegister()
10 SYSTEMPATH\CodeIgniter.php(457): CodeIgniter\CodeIgniter->runController(Object(Myth\Auth\Controllers\AuthController))
11 SYSTEMPATH\CodeIgniter.php(340): CodeIgniter\CodeIgniter->handleRequest(null, Object(Config\Cache), false)
12 FCPATH\index.php(67): CodeIgniter\CodeIgniter->run()
13 SYSTEMPATH\Commands\Server\rewrite.php(43): require_once('FCPATH\\index.php')
