CRITICAL - 2022-10-06 03:39:54 --> Undefined variable: config
in APPPATH\Views\login\index.php on line 1.
 1 APPPATH\Views\login\index.php(1): CodeIgniter\Debug\Exceptions->errorHandler(8, 'Undefined variable: config', 'APPPATH\\Views\\login\\index.php', 1, [...])
 2 SYSTEMPATH\View\View.php(213): include('APPPATH\\Views\\login\\index.php')
 3 SYSTEMPATH\View\View.php(216): CodeIgniter\View\View->CodeIgniter\View\{closure}()
 4 SYSTEMPATH\Common.php(1142): CodeIgniter\View\View->render('login/index', [], true)
 5 APPPATH\Controllers\Login.php(13): view('login/index', [...])
 6 SYSTEMPATH\CodeIgniter.php(907): App\Controllers\Login->index()
 7 SYSTEMPATH\CodeIgniter.php(457): CodeIgniter\CodeIgniter->runController(Object(App\Controllers\Login))
 8 SYSTEMPATH\CodeIgniter.php(340): CodeIgniter\CodeIgniter->handleRequest(null, Object(Config\Cache), false)
 9 FCPATH\index.php(67): CodeIgniter\CodeIgniter->run()
10 SYSTEMPATH\Commands\Server\rewrite.php(43): require_once('FCPATH\\index.php')
CRITICAL - 2022-10-06 03:39:57 --> Undefined variable: config
in APPPATH\Views\login\index.php on line 1.
 1 APPPATH\Views\login\index.php(1): CodeIgniter\Debug\Exceptions->errorHandler(8, 'Undefined variable: config', 'APPPATH\\Views\\login\\index.php', 1, [...])
 2 SYSTEMPATH\View\View.php(213): include('APPPATH\\Views\\login\\index.php')
 3 SYSTEMPATH\View\View.php(216): CodeIgniter\View\View->CodeIgniter\View\{closure}()
 4 SYSTEMPATH\Common.php(1142): CodeIgniter\View\View->render('login/index', [], true)
 5 APPPATH\Controllers\Login.php(13): view('login/index', [...])
 6 SYSTEMPATH\CodeIgniter.php(907): App\Controllers\Login->index()
 7 SYSTEMPATH\CodeIgniter.php(457): CodeIgniter\CodeIgniter->runController(Object(App\Controllers\Login))
 8 SYSTEMPATH\CodeIgniter.php(340): CodeIgniter\CodeIgniter->handleRequest(null, Object(Config\Cache), false)
 9 FCPATH\index.php(67): CodeIgniter\CodeIgniter->run()
10 SYSTEMPATH\Commands\Server\rewrite.php(43): require_once('FCPATH\\index.php')
CRITICAL - 2022-10-06 03:40:13 --> Undefined variable: config
in APPPATH\Views\login\index.php on line 1.
 1 APPPATH\Views\login\index.php(1): CodeIgniter\Debug\Exceptions->errorHandler(8, 'Undefined variable: config', 'APPPATH\\Views\\login\\index.php', 1, [...])
 2 SYSTEMPATH\View\View.php(213): include('APPPATH\\Views\\login\\index.php')
 3 SYSTEMPATH\View\View.php(216): CodeIgniter\View\View->CodeIgniter\View\{closure}()
 4 SYSTEMPATH\Common.php(1142): CodeIgniter\View\View->render('login/index', [], true)
 5 APPPATH\Controllers\Login.php(13): view('login/index', [...])
 6 SYSTEMPATH\CodeIgniter.php(907): App\Controllers\Login->index()
 7 SYSTEMPATH\CodeIgniter.php(457): CodeIgniter\CodeIgniter->runController(Object(App\Controllers\Login))
 8 SYSTEMPATH\CodeIgniter.php(340): CodeIgniter\CodeIgniter->handleRequest(null, Object(Config\Cache), false)
 9 FCPATH\index.php(67): CodeIgniter\CodeIgniter->run()
10 SYSTEMPATH\Commands\Server\rewrite.php(43): require_once('FCPATH\\index.php')
CRITICAL - 2022-10-06 08:21:18 --> Undefined variable: config
in APPPATH\Views\login\index.php on line 1.
 1 APPPATH\Views\login\index.php(1): CodeIgniter\Debug\Exceptions->errorHandler(8, 'Undefined variable: config', 'APPPATH\\Views\\login\\index.php', 1, [...])
 2 SYSTEMPATH\View\View.php(213): include('APPPATH\\Views\\login\\index.php')
 3 SYSTEMPATH\View\View.php(216): CodeIgniter\View\View->CodeIgniter\View\{closure}()
 4 SYSTEMPATH\Common.php(1142): CodeIgniter\View\View->render('login/index', [], true)
 5 APPPATH\Controllers\Login.php(13): view('login/index', [...])
 6 SYSTEMPATH\CodeIgniter.php(907): App\Controllers\Login->index()
 7 SYSTEMPATH\CodeIgniter.php(457): CodeIgniter\CodeIgniter->runController(Object(App\Controllers\Login))
 8 SYSTEMPATH\CodeIgniter.php(340): CodeIgniter\CodeIgniter->handleRequest(null, Object(Config\Cache), false)
 9 FCPATH\index.php(67): CodeIgniter\CodeIgniter->run()
10 SYSTEMPATH\Commands\Server\rewrite.php(43): require_once('FCPATH\\index.php')
CRITICAL - 2022-10-06 08:21:33 --> Undefined variable: config
in APPPATH\Views\login\index.php on line 1.
 1 APPPATH\Views\login\index.php(1): CodeIgniter\Debug\Exceptions->errorHandler(8, 'Undefined variable: config', 'APPPATH\\Views\\login\\index.php', 1, [...])
 2 SYSTEMPATH\View\View.php(213): include('APPPATH\\Views\\login\\index.php')
 3 SYSTEMPATH\View\View.php(216): CodeIgniter\View\View->CodeIgniter\View\{closure}()
 4 SYSTEMPATH\Common.php(1142): CodeIgniter\View\View->render('login/index', [], true)
 5 APPPATH\Controllers\Login.php(13): view('login/index', [...])
 6 SYSTEMPATH\CodeIgniter.php(907): App\Controllers\Login->index()
 7 SYSTEMPATH\CodeIgniter.php(457): CodeIgniter\CodeIgniter->runController(Object(App\Controllers\Login))
 8 SYSTEMPATH\CodeIgniter.php(340): CodeIgniter\CodeIgniter->handleRequest(null, Object(Config\Cache), false)
 9 FCPATH\index.php(67): CodeIgniter\CodeIgniter->run()
10 SYSTEMPATH\Commands\Server\rewrite.php(43): require_once('FCPATH\\index.php')
CRITICAL - 2022-10-06 08:21:39 --> Undefined variable: config
in APPPATH\Views\login\index.php on line 1.
 1 APPPATH\Views\login\index.php(1): CodeIgniter\Debug\Exceptions->errorHandler(8, 'Undefined variable: config', 'APPPATH\\Views\\login\\index.php', 1, [...])
 2 SYSTEMPATH\View\View.php(213): include('APPPATH\\Views\\login\\index.php')
 3 SYSTEMPATH\View\View.php(216): CodeIgniter\View\View->CodeIgniter\View\{closure}()
 4 SYSTEMPATH\Common.php(1142): CodeIgniter\View\View->render('login/index', [], true)
 5 APPPATH\Controllers\Login.php(13): view('login/index', [...])
 6 SYSTEMPATH\CodeIgniter.php(907): App\Controllers\Login->index()
 7 SYSTEMPATH\CodeIgniter.php(457): CodeIgniter\CodeIgniter->runController(Object(App\Controllers\Login))
 8 SYSTEMPATH\CodeIgniter.php(340): CodeIgniter\CodeIgniter->handleRequest(null, Object(Config\Cache), false)
 9 FCPATH\index.php(67): CodeIgniter\CodeIgniter->run()
10 SYSTEMPATH\Commands\Server\rewrite.php(43): require_once('FCPATH\\index.php')
CRITICAL - 2022-10-06 08:21:51 --> Undefined variable: config
in APPPATH\Views\login\index.php on line 1.
 1 APPPATH\Views\login\index.php(1): CodeIgniter\Debug\Exceptions->errorHandler(8, 'Undefined variable: config', 'APPPATH\\Views\\login\\index.php', 1, [...])
 2 SYSTEMPATH\View\View.php(213): include('APPPATH\\Views\\login\\index.php')
 3 SYSTEMPATH\View\View.php(216): CodeIgniter\View\View->CodeIgniter\View\{closure}()
 4 SYSTEMPATH\Common.php(1142): CodeIgniter\View\View->render('login/index', [], true)
 5 APPPATH\Controllers\Login.php(13): view('login/index', [...])
 6 SYSTEMPATH\CodeIgniter.php(907): App\Controllers\Login->index()
 7 SYSTEMPATH\CodeIgniter.php(457): CodeIgniter\CodeIgniter->runController(Object(App\Controllers\Login))
 8 SYSTEMPATH\CodeIgniter.php(340): CodeIgniter\CodeIgniter->handleRequest(null, Object(Config\Cache), false)
 9 FCPATH\index.php(67): CodeIgniter\CodeIgniter->run()
10 SYSTEMPATH\Commands\Server\rewrite.php(43): require_once('FCPATH\\index.php')
CRITICAL - 2022-10-06 08:24:40 --> Undefined variable: config
in APPPATH\Views\login\index.php on line 1.
 1 APPPATH\Views\login\index.php(1): CodeIgniter\Debug\Exceptions->errorHandler(8, 'Undefined variable: config', 'APPPATH\\Views\\login\\index.php', 1, [...])
 2 SYSTEMPATH\View\View.php(213): include('APPPATH\\Views\\login\\index.php')
 3 SYSTEMPATH\View\View.php(216): CodeIgniter\View\View->CodeIgniter\View\{closure}()
 4 SYSTEMPATH\Common.php(1142): CodeIgniter\View\View->render('login/index', [], true)
 5 APPPATH\Controllers\Login.php(13): view('login/index', [...])
 6 SYSTEMPATH\CodeIgniter.php(907): App\Controllers\Login->index()
 7 SYSTEMPATH\CodeIgniter.php(457): CodeIgniter\CodeIgniter->runController(Object(App\Controllers\Login))
 8 SYSTEMPATH\CodeIgniter.php(340): CodeIgniter\CodeIgniter->handleRequest(null, Object(Config\Cache), false)
 9 FCPATH\index.php(67): CodeIgniter\CodeIgniter->run()
10 SYSTEMPATH\Commands\Server\rewrite.php(43): require_once('FCPATH\\index.php')
CRITICAL - 2022-10-06 08:24:42 --> Undefined variable: config
in APPPATH\Views\login\index.php on line 1.
 1 APPPATH\Views\login\index.php(1): CodeIgniter\Debug\Exceptions->errorHandler(8, 'Undefined variable: config', 'APPPATH\\Views\\login\\index.php', 1, [...])
 2 SYSTEMPATH\View\View.php(213): include('APPPATH\\Views\\login\\index.php')
 3 SYSTEMPATH\View\View.php(216): CodeIgniter\View\View->CodeIgniter\View\{closure}()
 4 SYSTEMPATH\Common.php(1142): CodeIgniter\View\View->render('login/index', [], true)
 5 APPPATH\Controllers\Login.php(13): view('login/index', [...])
 6 SYSTEMPATH\CodeIgniter.php(907): App\Controllers\Login->index()
 7 SYSTEMPATH\CodeIgniter.php(457): CodeIgniter\CodeIgniter->runController(Object(App\Controllers\Login))
 8 SYSTEMPATH\CodeIgniter.php(340): CodeIgniter\CodeIgniter->handleRequest(null, Object(Config\Cache), false)
 9 FCPATH\index.php(67): CodeIgniter\CodeIgniter->run()
10 SYSTEMPATH\Commands\Server\rewrite.php(43): require_once('FCPATH\\index.php')
CRITICAL - 2022-10-06 08:30:20 --> Undefined variable: config
in APPPATH\Views\login\index.php on line 35.
 1 APPPATH\Views\login\index.php(35): CodeIgniter\Debug\Exceptions->errorHandler(8, 'Undefined variable: config', 'APPPATH\\Views\\login\\index.php', 35, [...])
 2 SYSTEMPATH\View\View.php(213): include('APPPATH\\Views\\login\\index.php')
 3 SYSTEMPATH\View\View.php(216): CodeIgniter\View\View->CodeIgniter\View\{closure}()
 4 SYSTEMPATH\Common.php(1142): CodeIgniter\View\View->render('login/index', [], true)
 5 APPPATH\Controllers\Login.php(13): view('login/index', [...])
 6 SYSTEMPATH\CodeIgniter.php(907): App\Controllers\Login->index()
 7 SYSTEMPATH\CodeIgniter.php(457): CodeIgniter\CodeIgniter->runController(Object(App\Controllers\Login))
 8 SYSTEMPATH\CodeIgniter.php(340): CodeIgniter\CodeIgniter->handleRequest(null, Object(Config\Cache), false)
 9 FCPATH\index.php(67): CodeIgniter\CodeIgniter->run()
10 SYSTEMPATH\Commands\Server\rewrite.php(43): require_once('FCPATH\\index.php')
CRITICAL - 2022-10-06 08:30:22 --> Undefined variable: config
in APPPATH\Views\login\index.php on line 35.
 1 APPPATH\Views\login\index.php(35): CodeIgniter\Debug\Exceptions->errorHandler(8, 'Undefined variable: config', 'APPPATH\\Views\\login\\index.php', 35, [...])
 2 SYSTEMPATH\View\View.php(213): include('APPPATH\\Views\\login\\index.php')
 3 SYSTEMPATH\View\View.php(216): CodeIgniter\View\View->CodeIgniter\View\{closure}()
 4 SYSTEMPATH\Common.php(1142): CodeIgniter\View\View->render('login/index', [], true)
 5 APPPATH\Controllers\Login.php(13): view('login/index', [...])
 6 SYSTEMPATH\CodeIgniter.php(907): App\Controllers\Login->index()
 7 SYSTEMPATH\CodeIgniter.php(457): CodeIgniter\CodeIgniter->runController(Object(App\Controllers\Login))
 8 SYSTEMPATH\CodeIgniter.php(340): CodeIgniter\CodeIgniter->handleRequest(null, Object(Config\Cache), false)
 9 FCPATH\index.php(67): CodeIgniter\CodeIgniter->run()
10 SYSTEMPATH\Commands\Server\rewrite.php(43): require_once('FCPATH\\index.php')
CRITICAL - 2022-10-06 08:32:12 --> Undefined variable: config
in APPPATH\Views\login\index.php on line 35.
 1 APPPATH\Views\login\index.php(35): CodeIgniter\Debug\Exceptions->errorHandler(8, 'Undefined variable: config', 'APPPATH\\Views\\login\\index.php', 35, [...])
 2 SYSTEMPATH\View\View.php(213): include('APPPATH\\Views\\login\\index.php')
 3 SYSTEMPATH\View\View.php(216): CodeIgniter\View\View->CodeIgniter\View\{closure}()
 4 SYSTEMPATH\Common.php(1142): CodeIgniter\View\View->render('login/index', [], true)
 5 APPPATH\Controllers\Login.php(13): view('login/index', [...])
 6 SYSTEMPATH\CodeIgniter.php(907): App\Controllers\Login->index()
 7 SYSTEMPATH\CodeIgniter.php(457): CodeIgniter\CodeIgniter->runController(Object(App\Controllers\Login))
 8 SYSTEMPATH\CodeIgniter.php(340): CodeIgniter\CodeIgniter->handleRequest(null, Object(Config\Cache), false)
 9 FCPATH\index.php(67): CodeIgniter\CodeIgniter->run()
10 SYSTEMPATH\Commands\Server\rewrite.php(43): require_once('FCPATH\\index.php')
CRITICAL - 2022-10-06 08:55:43 --> Undefined offset: 1
in VENDORPATH\myth\auth\src\Authentication\Passwords\NothingPersonalValidator.php on line 77.
 1 VENDORPATH\myth\auth\src\Authentication\Passwords\NothingPersonalValidator.php(77): CodeIgniter\Debug\Exceptions->errorHandler(8, 'Undefined offset: 1', 'VENDORPATH\\myth\\auth\\src\\Authentication\\Passwords\\NothingPersonalValidator.php', 77, [...])
 2 VENDORPATH\myth\auth\src\Authentication\Passwords\NothingPersonalValidator.php(26): Myth\Auth\Authentication\Passwords\NothingPersonalValidator->isNotPersonal('hello132', Object(Myth\Auth\Entities\User))
 3 VENDORPATH\myth\auth\src\Authentication\Passwords\PasswordValidator.php(46): Myth\Auth\Authentication\Passwords\NothingPersonalValidator->check('hello132', Object(Myth\Auth\Entities\User))
 4 VENDORPATH\myth\auth\src\Authentication\Passwords\ValidationRules.php(42): Myth\Auth\Authentication\Passwords\PasswordValidator->check('hello132', Object(Myth\Auth\Entities\User))
 5 SYSTEMPATH\Validation\Validation.php(314): Myth\Auth\Authentication\Passwords\ValidationRules->strong_password('hello132', null)
 6 SYSTEMPATH\Validation\Validation.php(175): CodeIgniter\Validation\Validation->processRules('password', 'password', 'hello132', [...], [...])
 7 SYSTEMPATH\Controller.php(140): CodeIgniter\Validation\Validation->run()
 8 VENDORPATH\myth\auth\src\Controllers\AuthController.php(164): CodeIgniter\Controller->validate([...])
 9 SYSTEMPATH\CodeIgniter.php(907): Myth\Auth\Controllers\AuthController->attemptRegister()
10 SYSTEMPATH\CodeIgniter.php(457): CodeIgniter\CodeIgniter->runController(Object(Myth\Auth\Controllers\AuthController))
11 SYSTEMPATH\CodeIgniter.php(340): CodeIgniter\CodeIgniter->handleRequest(null, Object(Config\Cache), false)
12 FCPATH\index.php(67): CodeIgniter\CodeIgniter->run()
13 SYSTEMPATH\Commands\Server\rewrite.php(43): require_once('FCPATH\\index.php')
CRITICAL - 2022-10-06 08:57:01 --> Undefined offset: 1
in VENDORPATH\myth\auth\src\Authentication\Passwords\NothingPersonalValidator.php on line 77.
 1 VENDORPATH\myth\auth\src\Authentication\Passwords\NothingPersonalValidator.php(77): CodeIgniter\Debug\Exceptions->errorHandler(8, 'Undefined offset: 1', 'VENDORPATH\\myth\\auth\\src\\Authentication\\Passwords\\NothingPersonalValidator.php', 77, [...])
 2 VENDORPATH\myth\auth\src\Authentication\Passwords\NothingPersonalValidator.php(26): Myth\Auth\Authentication\Passwords\NothingPersonalValidator->isNotPersonal('faozi132', Object(Myth\Auth\Entities\User))
 3 VENDORPATH\myth\auth\src\Authentication\Passwords\PasswordValidator.php(46): Myth\Auth\Authentication\Passwords\NothingPersonalValidator->check('faozi132', Object(Myth\Auth\Entities\User))
 4 VENDORPATH\myth\auth\src\Authentication\Passwords\ValidationRules.php(42): Myth\Auth\Authentication\Passwords\PasswordValidator->check('faozi132', Object(Myth\Auth\Entities\User))
 5 SYSTEMPATH\Validation\Validation.php(314): Myth\Auth\Authentication\Passwords\ValidationRules->strong_password('faozi132', null)
 6 SYSTEMPATH\Validation\Validation.php(175): CodeIgniter\Validation\Validation->processRules('password', 'password', 'faozi132', [...], [...])
 7 SYSTEMPATH\Controller.php(140): CodeIgniter\Validation\Validation->run()
 8 VENDORPATH\myth\auth\src\Controllers\AuthController.php(164): CodeIgniter\Controller->validate([...])
 9 SYSTEMPATH\CodeIgniter.php(907): Myth\Auth\Controllers\AuthController->attemptRegister()
10 SYSTEMPATH\CodeIgniter.php(457): CodeIgniter\CodeIgniter->runController(Object(Myth\Auth\Controllers\AuthController))
11 SYSTEMPATH\CodeIgniter.php(340): CodeIgniter\CodeIgniter->handleRequest(null, Object(Config\Cache), false)
12 FCPATH\index.php(67): CodeIgniter\CodeIgniter->run()
13 SYSTEMPATH\Commands\Server\rewrite.php(43): require_once('FCPATH\\index.php')
CRITICAL - 2022-10-06 09:34:59 --> View themes, no current section.
in SYSTEMPATH\View\View.php on line 392.
 1 APPPATH\Views\login\index.php(67): CodeIgniter\View\View->endSection()
 2 SYSTEMPATH\View\View.php(213): include('APPPATH\\Views\\login\\index.php')
 3 SYSTEMPATH\View\View.php(216): CodeIgniter\View\View->CodeIgniter\View\{closure}()
 4 SYSTEMPATH\Common.php(1142): CodeIgniter\View\View->render('login/index', [], true)
 5 APPPATH\Controllers\Login.php(13): view('login/index', [...])
 6 SYSTEMPATH\CodeIgniter.php(907): App\Controllers\Login->index()
 7 SYSTEMPATH\CodeIgniter.php(457): CodeIgniter\CodeIgniter->runController(Object(App\Controllers\Login))
 8 SYSTEMPATH\CodeIgniter.php(340): CodeIgniter\CodeIgniter->handleRequest(null, Object(Config\Cache), false)
 9 FCPATH\index.php(67): CodeIgniter\CodeIgniter->run()
10 SYSTEMPATH\Commands\Server\rewrite.php(43): require_once('FCPATH\\index.php')
CRITICAL - 2022-10-06 12:04:02 --> Undefined offset: 1
in VENDORPATH\myth\auth\src\Authentication\Passwords\NothingPersonalValidator.php on line 77.
 1 VENDORPATH\myth\auth\src\Authentication\Passwords\NothingPersonalValidator.php(77): CodeIgniter\Debug\Exceptions->errorHandler(8, 'Undefined offset: 1', 'VENDORPATH\\myth\\auth\\src\\Authentication\\Passwords\\NothingPersonalValidator.php', 77, [...])
 2 VENDORPATH\myth\auth\src\Authentication\Passwords\NothingPersonalValidator.php(26): Myth\Auth\Authentication\Passwords\NothingPersonalValidator->isNotPersonal('fauzimaksum1234', Object(Myth\Auth\Entities\User))
 3 VENDORPATH\myth\auth\src\Authentication\Passwords\PasswordValidator.php(46): Myth\Auth\Authentication\Passwords\NothingPersonalValidator->check('fauzimaksum1234', Object(Myth\Auth\Entities\User))
 4 VENDORPATH\myth\auth\src\Authentication\Passwords\ValidationRules.php(42): Myth\Auth\Authentication\Passwords\PasswordValidator->check('Fauzimaksum1234', Object(Myth\Auth\Entities\User))
 5 SYSTEMPATH\Validation\Validation.php(314): Myth\Auth\Authentication\Passwords\ValidationRules->strong_password('Fauzimaksum1234', null)
 6 SYSTEMPATH\Validation\Validation.php(175): CodeIgniter\Validation\Validation->processRules('password', 'password', 'Fauzimaksum1234', [...], [...])
 7 SYSTEMPATH\Controller.php(140): CodeIgniter\Validation\Validation->run()
 8 VENDORPATH\myth\auth\src\Controllers\AuthController.php(164): CodeIgniter\Controller->validate([...])
 9 SYSTEMPATH\CodeIgniter.php(907): Myth\Auth\Controllers\AuthController->attemptRegister()
10 SYSTEMPATH\CodeIgniter.php(457): CodeIgniter\CodeIgniter->runController(Object(Myth\Auth\Controllers\AuthController))
11 SYSTEMPATH\CodeIgniter.php(340): CodeIgniter\CodeIgniter->handleRequest(null, Object(Config\Cache), false)
12 FCPATH\index.php(67): CodeIgniter\CodeIgniter->run()
13 SYSTEMPATH\Commands\Server\rewrite.php(43): require_once('FCPATH\\index.php')
