CRITICAL - 2022-10-11 08:39:13 --> syntax error, unexpected 'echo' (T_ECHO)
in APPPATH\Views\dashboard\index.php on line 17.
 1 SYSTEMPATH\View\View.php(216): CodeIgniter\View\View->CodeIgniter\View\{closure}()
 2 SYSTEMPATH\Common.php(1142): CodeIgniter\View\View->render('dashboard/index', [], true)
 3 APPPATH\Controllers\Dashboard.php(12): view('dashboard/index', [...])
 4 SYSTEMPATH\CodeIgniter.php(907): App\Controllers\Dashboard->index()
 5 SYSTEMPATH\CodeIgniter.php(457): CodeIgniter\CodeIgniter->runController(Object(App\Controllers\Dashboard))
 6 SYSTEMPATH\CodeIgniter.php(340): CodeIgniter\CodeIgniter->handleRequest(null, Object(Config\Cache), false)
 7 FCPATH\index.php(67): CodeIgniter\CodeIgniter->run()
 8 SYSTEMPATH\Commands\Server\rewrite.php(43): require_once('FCPATH\\index.php')
CRITICAL - 2022-10-11 09:57:30 --> include(templates/topbar): failed to open stream: No such file or directory
in APPPATH\Views\templates\index.php on line 38.
 1 APPPATH\Views\templates\index.php(38): CodeIgniter\Debug\Exceptions->errorHandler(2, 'include(templates/topbar): failed to open stream: No such file or directory', 'APPPATH\\Views\\templates\\index.php', 38, [...])
 2 APPPATH\Views\templates\index.php(38): include()
 3 SYSTEMPATH\View\View.php(213): include('APPPATH\\Views\\templates\\index.php')
 4 SYSTEMPATH\View\View.php(216): CodeIgniter\View\View->CodeIgniter\View\{closure}()
 5 SYSTEMPATH\View\View.php(229): CodeIgniter\View\View->render('templates/index', [], true)
 6 SYSTEMPATH\Common.php(1142): CodeIgniter\View\View->render('dashboard', [], true)
 7 APPPATH\Controllers\Dashboard.php(12): view('dashboard', [...])
 8 SYSTEMPATH\CodeIgniter.php(907): App\Controllers\Dashboard->index()
 9 SYSTEMPATH\CodeIgniter.php(457): CodeIgniter\CodeIgniter->runController(Object(App\Controllers\Dashboard))
10 SYSTEMPATH\CodeIgniter.php(340): CodeIgniter\CodeIgniter->handleRequest(null, Object(Config\Cache), false)
11 FCPATH\index.php(67): CodeIgniter\CodeIgniter->run()
12 SYSTEMPATH\Commands\Server\rewrite.php(43): require_once('FCPATH\\index.php')
CRITICAL - 2022-10-11 10:09:15 --> syntax error, unexpected end of file, expecting elseif (T_ELSEIF) or else (T_ELSE) or endif (T_ENDIF)
in APPPATH\Views\templates\sidebar.php on line 674.
 1 SYSTEMPATH\View\View.php(216): CodeIgniter\View\View->CodeIgniter\View\{closure}()
 2 SYSTEMPATH\View\View.php(429): CodeIgniter\View\View->render('templates/sidebar', null, true)
 3 APPPATH\Views\templates\index.php(42): CodeIgniter\View\View->include('templates/sidebar')
 4 SYSTEMPATH\View\View.php(213): include('APPPATH\\Views\\templates\\index.php')
 5 SYSTEMPATH\View\View.php(216): CodeIgniter\View\View->CodeIgniter\View\{closure}()
 6 SYSTEMPATH\View\View.php(229): CodeIgniter\View\View->render('templates/index', [], true)
 7 SYSTEMPATH\Common.php(1142): CodeIgniter\View\View->render('dashboard', [], true)
 8 APPPATH\Controllers\Dashboard.php(12): view('dashboard', [...])
 9 SYSTEMPATH\CodeIgniter.php(907): App\Controllers\Dashboard->index()
10 SYSTEMPATH\CodeIgniter.php(457): CodeIgniter\CodeIgniter->runController(Object(App\Controllers\Dashboard))
11 SYSTEMPATH\CodeIgniter.php(340): CodeIgniter\CodeIgniter->handleRequest(null, Object(Config\Cache), false)
12 FCPATH\index.php(67): CodeIgniter\CodeIgniter->run()
13 SYSTEMPATH\Commands\Server\rewrite.php(43): require_once('FCPATH\\index.php')
