CRITICAL - 2022-12-01 01:39:46 --> Undefined variable: title
in APPPATH\Views\templates\index.php on line 6.
 1 APPPATH\Views\templates\index.php(6): CodeIgniter\Debug\Exceptions->errorHandler(8, 'Undefined variable: title', 'APPPATH\\Views\\templates\\index.php', 6, [])
 2 SYSTEMPATH\View\View.php(213): include('APPPATH\\Views\\templates\\index.php')
 3 SYSTEMPATH\View\View.php(216): CodeIgniter\View\View->CodeIgniter\View\{closure}()
 4 SYSTEMPATH\View\View.php(229): CodeIgniter\View\View->render('templates/index', [], true)
 5 SYSTEMPATH\Common.php(1142): CodeIgniter\View\View->render('crud/datakosong', [], true)
 6 APPPATH\Controllers\Manage.php(63): view('crud/datakosong')
 7 SYSTEMPATH\CodeIgniter.php(907): App\Controllers\Manage->empety()
 8 SYSTEMPATH\CodeIgniter.php(457): CodeIgniter\CodeIgniter->runController(Object(App\Controllers\Manage))
 9 SYSTEMPATH\CodeIgniter.php(340): CodeIgniter\CodeIgniter->handleRequest(null, Object(Config\Cache), false)
10 FCPATH\index.php(67): CodeIgniter\CodeIgniter->run()
11 SYSTEMPATH\Commands\Server\rewrite.php(43): require_once('FCPATH\\index.php')
CRITICAL - 2022-12-01 02:05:51 --> Deletes are not allowed unless they contain a "where" or "like" clause.
in SYSTEMPATH\Model.php on line 382.
 1 SYSTEMPATH\BaseModel.php(963): CodeIgniter\Model->doDelete(null, false)
 2 APPPATH\Controllers\Manage.php(111): CodeIgniter\BaseModel->delete(null)
 3 SYSTEMPATH\CodeIgniter.php(907): App\Controllers\Manage->delete('10')
 4 SYSTEMPATH\CodeIgniter.php(457): CodeIgniter\CodeIgniter->runController(Object(App\Controllers\Manage))
 5 SYSTEMPATH\CodeIgniter.php(340): CodeIgniter\CodeIgniter->handleRequest(null, Object(Config\Cache), false)
 6 FCPATH\index.php(67): CodeIgniter\CodeIgniter->run()
 7 SYSTEMPATH\Commands\Server\rewrite.php(43): require_once('FCPATH\\index.php')
CRITICAL - 2022-12-01 02:07:02 --> Deletes are not allowed unless they contain a "where" or "like" clause.
in SYSTEMPATH\Model.php on line 382.
 1 SYSTEMPATH\BaseModel.php(963): CodeIgniter\Model->doDelete(null, false)
 2 APPPATH\Controllers\Manage.php(111): CodeIgniter\BaseModel->delete(null)
 3 SYSTEMPATH\CodeIgniter.php(907): App\Controllers\Manage->delete('10')
 4 SYSTEMPATH\CodeIgniter.php(457): CodeIgniter\CodeIgniter->runController(Object(App\Controllers\Manage))
 5 SYSTEMPATH\CodeIgniter.php(340): CodeIgniter\CodeIgniter->handleRequest(null, Object(Config\Cache), false)
 6 FCPATH\index.php(67): CodeIgniter\CodeIgniter->run()
 7 SYSTEMPATH\Commands\Server\rewrite.php(43): require_once('FCPATH\\index.php')
CRITICAL - 2022-12-01 02:07:48 --> Deletes are not allowed unless they contain a "where" or "like" clause.
in SYSTEMPATH\Model.php on line 382.
 1 SYSTEMPATH\BaseModel.php(963): CodeIgniter\Model->doDelete(null, false)
 2 APPPATH\Controllers\Manage.php(111): CodeIgniter\BaseModel->delete(null, false)
 3 SYSTEMPATH\CodeIgniter.php(907): App\Controllers\Manage->delete('10')
 4 SYSTEMPATH\CodeIgniter.php(457): CodeIgniter\CodeIgniter->runController(Object(App\Controllers\Manage))
 5 SYSTEMPATH\CodeIgniter.php(340): CodeIgniter\CodeIgniter->handleRequest(null, Object(Config\Cache), false)
 6 FCPATH\index.php(67): CodeIgniter\CodeIgniter->run()
 7 SYSTEMPATH\Commands\Server\rewrite.php(43): require_once('FCPATH\\index.php')
CRITICAL - 2022-12-01 02:23:55 --> Undefined variable: title
in APPPATH\Views\crud\datakosong.php on line 10.
 1 APPPATH\Views\crud\datakosong.php(10): CodeIgniter\Debug\Exceptions->errorHandler(8, 'Undefined variable: title', 'APPPATH\\Views\\crud\\datakosong.php', 10, [])
 2 SYSTEMPATH\View\View.php(213): include('APPPATH\\Views\\crud\\datakosong.php')
 3 SYSTEMPATH\View\View.php(216): CodeIgniter\View\View->CodeIgniter\View\{closure}()
 4 SYSTEMPATH\Common.php(1142): CodeIgniter\View\View->render('crud/datakosong', [], true)
 5 APPPATH\Controllers\Manage.php(75): view('crud/datakosong')
 6 SYSTEMPATH\CodeIgniter.php(907): App\Controllers\Manage->empety()
 7 SYSTEMPATH\CodeIgniter.php(457): CodeIgniter\CodeIgniter->runController(Object(App\Controllers\Manage))
 8 SYSTEMPATH\CodeIgniter.php(340): CodeIgniter\CodeIgniter->handleRequest(null, Object(Config\Cache), false)
 9 FCPATH\index.php(67): CodeIgniter\CodeIgniter->run()
10 SYSTEMPATH\Commands\Server\rewrite.php(43): require_once('FCPATH\\index.php')
CRITICAL - 2022-12-01 02:29:29 --> Invalid file: crud/datakosong.php
in SYSTEMPATH\Exceptions\FrameworkException.php on line 33.
 1 SYSTEMPATH\View\View.php(201): CodeIgniter\Exceptions\FrameworkException::forInvalidFile('crud/datakosong.php')
 2 SYSTEMPATH\Common.php(1142): CodeIgniter\View\View->render('crud/datakosong', [], true)
 3 APPPATH\Controllers\Manage.php(21): view('crud/datakosong', [...])
 4 SYSTEMPATH\CodeIgniter.php(907): App\Controllers\Manage->mitra()
 5 SYSTEMPATH\CodeIgniter.php(457): CodeIgniter\CodeIgniter->runController(Object(App\Controllers\Manage))
 6 SYSTEMPATH\CodeIgniter.php(340): CodeIgniter\CodeIgniter->handleRequest(null, Object(Config\Cache), false)
 7 FCPATH\index.php(67): CodeIgniter\CodeIgniter->run()
 8 SYSTEMPATH\Commands\Server\rewrite.php(43): require_once('FCPATH\\index.php')
CRITICAL - 2022-12-01 02:29:31 --> Invalid file: crud/datakosong.php
in SYSTEMPATH\Exceptions\FrameworkException.php on line 33.
 1 SYSTEMPATH\View\View.php(201): CodeIgniter\Exceptions\FrameworkException::forInvalidFile('crud/datakosong.php')
 2 SYSTEMPATH\Common.php(1142): CodeIgniter\View\View->render('crud/datakosong', [], true)
 3 APPPATH\Controllers\Manage.php(21): view('crud/datakosong', [...])
 4 SYSTEMPATH\CodeIgniter.php(907): App\Controllers\Manage->mitra()
 5 SYSTEMPATH\CodeIgniter.php(457): CodeIgniter\CodeIgniter->runController(Object(App\Controllers\Manage))
 6 SYSTEMPATH\CodeIgniter.php(340): CodeIgniter\CodeIgniter->handleRequest(null, Object(Config\Cache), false)
 7 FCPATH\index.php(67): CodeIgniter\CodeIgniter->run()
 8 SYSTEMPATH\Commands\Server\rewrite.php(43): require_once('FCPATH\\index.php')
CRITICAL - 2022-12-01 02:29:33 --> Invalid file: crud/datakosong.php
in SYSTEMPATH\Exceptions\FrameworkException.php on line 33.
 1 SYSTEMPATH\View\View.php(201): CodeIgniter\Exceptions\FrameworkException::forInvalidFile('crud/datakosong.php')
 2 SYSTEMPATH\Common.php(1142): CodeIgniter\View\View->render('crud/datakosong', [], true)
 3 APPPATH\Controllers\Manage.php(21): view('crud/datakosong', [...])
 4 SYSTEMPATH\CodeIgniter.php(907): App\Controllers\Manage->mitra()
 5 SYSTEMPATH\CodeIgniter.php(457): CodeIgniter\CodeIgniter->runController(Object(App\Controllers\Manage))
 6 SYSTEMPATH\CodeIgniter.php(340): CodeIgniter\CodeIgniter->handleRequest(null, Object(Config\Cache), false)
 7 FCPATH\index.php(67): CodeIgniter\CodeIgniter->run()
 8 SYSTEMPATH\Commands\Server\rewrite.php(43): require_once('FCPATH\\index.php')
CRITICAL - 2022-12-01 02:29:34 --> Invalid file: crud/datakosong.php
in SYSTEMPATH\Exceptions\FrameworkException.php on line 33.
 1 SYSTEMPATH\View\View.php(201): CodeIgniter\Exceptions\FrameworkException::forInvalidFile('crud/datakosong.php')
 2 SYSTEMPATH\Common.php(1142): CodeIgniter\View\View->render('crud/datakosong', [], true)
 3 APPPATH\Controllers\Manage.php(21): view('crud/datakosong', [...])
 4 SYSTEMPATH\CodeIgniter.php(907): App\Controllers\Manage->mitra()
 5 SYSTEMPATH\CodeIgniter.php(457): CodeIgniter\CodeIgniter->runController(Object(App\Controllers\Manage))
 6 SYSTEMPATH\CodeIgniter.php(340): CodeIgniter\CodeIgniter->handleRequest(null, Object(Config\Cache), false)
 7 FCPATH\index.php(67): CodeIgniter\CodeIgniter->run()
 8 SYSTEMPATH\Commands\Server\rewrite.php(43): require_once('FCPATH\\index.php')
CRITICAL - 2022-12-01 02:31:02 --> Invalid file: crud/datakosong.php
in SYSTEMPATH\Exceptions\FrameworkException.php on line 33.
 1 SYSTEMPATH\View\View.php(201): CodeIgniter\Exceptions\FrameworkException::forInvalidFile('crud/datakosong.php')
 2 SYSTEMPATH\Common.php(1142): CodeIgniter\View\View->render('crud/datakosong', [], true)
 3 APPPATH\Controllers\Manage.php(21): view('crud/datakosong', [...])
 4 SYSTEMPATH\CodeIgniter.php(907): App\Controllers\Manage->mitra()
 5 SYSTEMPATH\CodeIgniter.php(457): CodeIgniter\CodeIgniter->runController(Object(App\Controllers\Manage))
 6 SYSTEMPATH\CodeIgniter.php(340): CodeIgniter\CodeIgniter->handleRequest(null, Object(Config\Cache), false)
 7 FCPATH\index.php(67): CodeIgniter\CodeIgniter->run()
 8 SYSTEMPATH\Commands\Server\rewrite.php(43): require_once('FCPATH\\index.php')
CRITICAL - 2022-12-01 02:44:16 --> Invalid file: admin/detail.php
in SYSTEMPATH\Exceptions\FrameworkException.php on line 33.
 1 SYSTEMPATH\View\View.php(201): CodeIgniter\Exceptions\FrameworkException::forInvalidFile('admin/detail.php')
 2 SYSTEMPATH\Common.php(1142): CodeIgniter\View\View->render('admin/detail', [], true)
 3 APPPATH\Controllers\Admin.php(50): view('admin/detail', [...])
 4 SYSTEMPATH\CodeIgniter.php(907): App\Controllers\Admin->detail('2')
 5 SYSTEMPATH\CodeIgniter.php(457): CodeIgniter\CodeIgniter->runController(Object(App\Controllers\Admin))
 6 SYSTEMPATH\CodeIgniter.php(340): CodeIgniter\CodeIgniter->handleRequest(null, Object(Config\Cache), false)
 7 FCPATH\index.php(67): CodeIgniter\CodeIgniter->run()
 8 SYSTEMPATH\Commands\Server\rewrite.php(43): require_once('FCPATH\\index.php')
CRITICAL - 2022-12-01 03:12:33 --> Undefined property: App\Controllers\Manage::$builder
in APPPATH\Controllers\Manage.php on line 90.
 1 APPPATH\Controllers\Manage.php(90): CodeIgniter\Debug\Exceptions->errorHandler(8, 'Undefined property: App\\Controllers\\Manage::$builder', 'APPPATH\\Controllers\\Manage.php', 90, [...])
 2 SYSTEMPATH\CodeIgniter.php(907): App\Controllers\Manage->editindex('5')
 3 SYSTEMPATH\CodeIgniter.php(457): CodeIgniter\CodeIgniter->runController(Object(App\Controllers\Manage))
 4 SYSTEMPATH\CodeIgniter.php(340): CodeIgniter\CodeIgniter->handleRequest(null, Object(Config\Cache), false)
 5 FCPATH\index.php(67): CodeIgniter\CodeIgniter->run()
 6 SYSTEMPATH\Commands\Server\rewrite.php(43): require_once('FCPATH\\index.php')
