CRITICAL - 2022-09-18 01:04:01 --> Undefined variable: error_message
in APPPATH\Views\settings\index.php on line 27.
 1 APPPATH\Views\settings\index.php(27): CodeIgniter\Debug\Exceptions->errorHandler(8, 'Undefined variable: error_message', 'APPPATH\\Views\\settings\\index.php', 27, [])
 2 SYSTEMPATH\View\View.php(213): include('APPPATH\\Views\\settings\\index.php')
 3 SYSTEMPATH\View\View.php(216): CodeIgniter\View\View->CodeIgniter\View\{closure}()
 4 SYSTEMPATH\Common.php(1142): CodeIgniter\View\View->render('settings/index', [], true)
 5 APPPATH\Controllers\Settings.php(11): view('settings/index')
 6 SYSTEMPATH\CodeIgniter.php(907): App\Controllers\Settings->index()
 7 SYSTEMPATH\CodeIgniter.php(457): CodeIgniter\CodeIgniter->runController(Object(App\Controllers\Settings))
 8 SYSTEMPATH\CodeIgniter.php(340): CodeIgniter\CodeIgniter->handleRequest(null, Object(Config\Cache), false)
 9 FCPATH\index.php(67): CodeIgniter\CodeIgniter->run()
10 SYSTEMPATH\Commands\Server\rewrite.php(43): require_once('FCPATH\\index.php')
CRITICAL - 2022-09-18 01:06:08 --> Undefined variable: error_message
in APPPATH\Views\settings\index.php on line 27.
 1 APPPATH\Views\settings\index.php(27): CodeIgniter\Debug\Exceptions->errorHandler(8, 'Undefined variable: error_message', 'APPPATH\\Views\\settings\\index.php', 27, [])
 2 SYSTEMPATH\View\View.php(213): include('APPPATH\\Views\\settings\\index.php')
 3 SYSTEMPATH\View\View.php(216): CodeIgniter\View\View->CodeIgniter\View\{closure}()
 4 SYSTEMPATH\Common.php(1142): CodeIgniter\View\View->render('settings/index', [], true)
 5 APPPATH\Controllers\Settings.php(11): view('settings/index')
 6 SYSTEMPATH\CodeIgniter.php(907): App\Controllers\Settings->index()
 7 SYSTEMPATH\CodeIgniter.php(457): CodeIgniter\CodeIgniter->runController(Object(App\Controllers\Settings))
 8 SYSTEMPATH\CodeIgniter.php(340): CodeIgniter\CodeIgniter->handleRequest(null, Object(Config\Cache), false)
 9 FCPATH\index.php(67): CodeIgniter\CodeIgniter->run()
10 SYSTEMPATH\Commands\Server\rewrite.php(43): require_once('FCPATH\\index.php')
ERROR - 2022-09-18 01:26:15 --> mysqli_sql_exception: Table 'ci4.file' doesn't exist in C:\xampp\htdocs\codeigniter4-framework-872c8fb\system\Database\MySQLi\Connection.php:292
Stack trace:
#0 C:\xampp\htdocs\codeigniter4-framework-872c8fb\system\Database\MySQLi\Connection.php(292): mysqli->query('INSERT INTO `fi...', 0)
#1 C:\xampp\htdocs\codeigniter4-framework-872c8fb\system\Database\BaseConnection.php(693): CodeIgniter\Database\MySQLi\Connection->execute('INSERT INTO `fi...')
#2 C:\xampp\htdocs\codeigniter4-framework-872c8fb\system\Database\BaseConnection.php(620): CodeIgniter\Database\BaseConnection->simpleQuery('INSERT INTO `fi...')
#3 C:\xampp\htdocs\codeigniter4-framework-872c8fb\system\Database\BaseBuilder.php(1916): CodeIgniter\Database\BaseConnection->query('INSERT INTO `fi...', Array, false)
#4 C:\xampp\htdocs\codeigniter4-framework-872c8fb\app\Controllers\Uploadktp.php(41): CodeIgniter\Database\BaseBuilder->insert(Array)
#5 C:\xampp\htdocs\codeigniter4-framework-872c8fb\system\CodeIgniter.php(907): App\Controllers\Uploadktp->uploadktp()
#6 C:\xampp\htdocs\codeigniter4-framework-872c8fb\system\CodeIgniter.php(457): CodeIgniter\CodeIgniter->runController(Object(App\Controllers\Uploadktp))
#7 C:\xampp\htdocs\codeigniter4-framework-872c8fb\system\CodeIgniter.php(340): CodeIgniter\CodeIgniter->handleRequest(NULL, Object(Config\Cache), false)
#8 C:\xampp\htdocs\codeigniter4-framework-872c8fb\public\index.php(67): CodeIgniter\CodeIgniter->run()
#9 C:\xampp\htdocs\codeigniter4-framework-872c8fb\system\Commands\Server\rewrite.php(43): require_once('C:\\xampp\\htdocs...')
#10 {main}
CRITICAL - 2022-09-18 01:26:15 --> Table 'ci4.file' doesn't exist
in SYSTEMPATH\Database\MySQLi\Connection.php on line 292.
 1 SYSTEMPATH\Database\MySQLi\Connection.php(292): mysqli->query('INSERT INTO `file` (`name`, `type`) VALUES (\'ozi.jpg\', \'image/jpeg\')', 0)
 2 SYSTEMPATH\Database\BaseConnection.php(693): CodeIgniter\Database\MySQLi\Connection->execute('INSERT INTO `file` (`name`, `type`) VALUES (\'ozi.jpg\', \'image/jpeg\')')
 3 SYSTEMPATH\Database\BaseConnection.php(620): CodeIgniter\Database\BaseConnection->simpleQuery('INSERT INTO `file` (`name`, `type`) VALUES (\'ozi.jpg\', \'image/jpeg\')')
 4 SYSTEMPATH\Database\BaseBuilder.php(1916): CodeIgniter\Database\BaseConnection->query('INSERT INTO `file` (`name`, `type`) VALUES (:name:, :type:)', [...], false)
 5 APPPATH\Controllers\Uploadktp.php(41): CodeIgniter\Database\BaseBuilder->insert([...])
 6 SYSTEMPATH\CodeIgniter.php(907): App\Controllers\Uploadktp->uploadktp()
 7 SYSTEMPATH\CodeIgniter.php(457): CodeIgniter\CodeIgniter->runController(Object(App\Controllers\Uploadktp))
 8 SYSTEMPATH\CodeIgniter.php(340): CodeIgniter\CodeIgniter->handleRequest(null, Object(Config\Cache), false)
 9 FCPATH\index.php(67): CodeIgniter\CodeIgniter->run()
10 SYSTEMPATH\Commands\Server\rewrite.php(43): require_once('FCPATH\\index.php')
ERROR - 2022-09-18 01:27:37 --> mysqli_sql_exception: Unknown column 'type' in 'field list' in C:\xampp\htdocs\codeigniter4-framework-872c8fb\system\Database\MySQLi\Connection.php:292
Stack trace:
#0 C:\xampp\htdocs\codeigniter4-framework-872c8fb\system\Database\MySQLi\Connection.php(292): mysqli->query('INSERT INTO `ad...', 0)
#1 C:\xampp\htdocs\codeigniter4-framework-872c8fb\system\Database\BaseConnection.php(693): CodeIgniter\Database\MySQLi\Connection->execute('INSERT INTO `ad...')
#2 C:\xampp\htdocs\codeigniter4-framework-872c8fb\system\Database\BaseConnection.php(620): CodeIgniter\Database\BaseConnection->simpleQuery('INSERT INTO `ad...')
#3 C:\xampp\htdocs\codeigniter4-framework-872c8fb\system\Database\BaseBuilder.php(1916): CodeIgniter\Database\BaseConnection->query('INSERT INTO `ad...', Array, false)
#4 C:\xampp\htdocs\codeigniter4-framework-872c8fb\app\Controllers\Uploadktp.php(41): CodeIgniter\Database\BaseBuilder->insert(Array)
#5 C:\xampp\htdocs\codeigniter4-framework-872c8fb\system\CodeIgniter.php(907): App\Controllers\Uploadktp->uploadktp()
#6 C:\xampp\htdocs\codeigniter4-framework-872c8fb\system\CodeIgniter.php(457): CodeIgniter\CodeIgniter->runController(Object(App\Controllers\Uploadktp))
#7 C:\xampp\htdocs\codeigniter4-framework-872c8fb\system\CodeIgniter.php(340): CodeIgniter\CodeIgniter->handleRequest(NULL, Object(Config\Cache), false)
#8 C:\xampp\htdocs\codeigniter4-framework-872c8fb\public\index.php(67): CodeIgniter\CodeIgniter->run()
#9 C:\xampp\htdocs\codeigniter4-framework-872c8fb\system\Commands\Server\rewrite.php(43): require_once('C:\\xampp\\htdocs...')
#10 {main}
CRITICAL - 2022-09-18 01:27:37 --> Unknown column 'type' in 'field list'
in SYSTEMPATH\Database\MySQLi\Connection.php on line 292.
 1 SYSTEMPATH\Database\MySQLi\Connection.php(292): mysqli->query('INSERT INTO `admin_users` (`ktp`, `type`) VALUES (\'ozi.jpg\', \'image/jpeg\')', 0)
 2 SYSTEMPATH\Database\BaseConnection.php(693): CodeIgniter\Database\MySQLi\Connection->execute('INSERT INTO `admin_users` (`ktp`, `type`) VALUES (\'ozi.jpg\', \'image/jpeg\')')
 3 SYSTEMPATH\Database\BaseConnection.php(620): CodeIgniter\Database\BaseConnection->simpleQuery('INSERT INTO `admin_users` (`ktp`, `type`) VALUES (\'ozi.jpg\', \'image/jpeg\')')
 4 SYSTEMPATH\Database\BaseBuilder.php(1916): CodeIgniter\Database\BaseConnection->query('INSERT INTO `admin_users` (`ktp`, `type`) VALUES (:ktp:, :type:)', [...], false)
 5 APPPATH\Controllers\Uploadktp.php(41): CodeIgniter\Database\BaseBuilder->insert([...])
 6 SYSTEMPATH\CodeIgniter.php(907): App\Controllers\Uploadktp->uploadktp()
 7 SYSTEMPATH\CodeIgniter.php(457): CodeIgniter\CodeIgniter->runController(Object(App\Controllers\Uploadktp))
 8 SYSTEMPATH\CodeIgniter.php(340): CodeIgniter\CodeIgniter->handleRequest(null, Object(Config\Cache), false)
 9 FCPATH\index.php(67): CodeIgniter\CodeIgniter->run()
10 SYSTEMPATH\Commands\Server\rewrite.php(43): require_once('FCPATH\\index.php')
